<?xml version="1.0" encoding="UTF-8"?>
<testng-results skipped="0" failed="1" ignored="0" total="1" passed="0">
  <reporter-output>
  </reporter-output>
  <suite name="Default suite" duration-ms="15280" started-at="2022-06-16T15:55:18 IST" finished-at="2022-06-16T15:55:34 IST">
    <groups>
      <group name="cucumber">
        <method signature="AbstractTestNGCucumberTests.runScenario(io.cucumber.testng.PickleWrapper,io.cucumber.testng.FeatureWrapper)[pri:0, instance:cucumberOptions.FailedTestNGTestRunner2@2bea5ab4]" name="runScenario" class="io.cucumber.testng.AbstractTestNGCucumberTests"/>
      </group> <!-- cucumber -->
    </groups>
    <test name="Default test" duration-ms="15280" started-at="2022-06-16T15:55:18 IST" finished-at="2022-06-16T15:55:34 IST">
      <class name="cucumberOptions.FailedTestNGTestRunner2">
        <test-method status="PASS" signature="setUpClass(org.testng.ITestContext)[pri:0, instance:cucumberOptions.FailedTestNGTestRunner2@2bea5ab4]" name="setUpClass" is-config="true" duration-ms="1278" started-at="2022-06-16T15:55:19 IST" finished-at="2022-06-16T15:55:20 IST">
          <params>
            <param index="0">
              <value>
                <![CDATA[org.testng.TestRunner@6e9319f]]>
              </value>
            </param>
          </params>
          <reporter-output>
          </reporter-output>
        </test-method> <!-- setUpClass -->
        <test-method status="FAIL" signature="runScenario(io.cucumber.testng.PickleWrapper,io.cucumber.testng.FeatureWrapper)[pri:0, instance:cucumberOptions.FailedTestNGTestRunner2@2bea5ab4]" name="runScenario" duration-ms="13333" started-at="2022-06-16T15:55:20 IST" description="Runs Cucumber Scenarios" data-provider="scenarios" finished-at="2022-06-16T15:55:33 IST">
          <params>
            <param index="0">
              <value>
                <![CDATA["Search Experience for product search in both home and offers page"]]>
              </value>
            </param>
            <param index="1">
              <value>
                <![CDATA["Search and place the order for products"]]>
              </value>
            </param>
          </params>
          <exception class="java.lang.AssertionError">
            <message>
              <![CDATA[expected [No data] but found [Beetroot]]]>
            </message>
            <full-stacktrace>
              <![CDATA[java.lang.AssertionError: expected [No data] but found [Beetroot]
at org.testng.Assert.fail(Assert.java:110)
at org.testng.Assert.failNotEquals(Assert.java:1413)
at org.testng.Assert.assertEqualsImpl(Assert.java:149)
at org.testng.Assert.assertEquals(Assert.java:131)
at org.testng.Assert.assertEquals(Assert.java:655)
at org.testng.Assert.assertEquals(Assert.java:665)
at stepDefinitions.OfferPageStepDefinition.validate_product_name_in_offers_page_matches_with_landing_page(OfferPageStepDefinition.java:45)
at âœ½.validate product name in offersPage matches with LandingPage(file:///C:/Users/HP/eclipse-workspace/CucumberFramework/src/test/java/features/searchProduct.feature:9)
]]>
            </full-stacktrace>
          </exception> <!-- java.lang.AssertionError -->
          <reporter-output>
          </reporter-output>
        </test-method> <!-- runScenario -->
        <test-method status="PASS" signature="tearDownClass()[pri:0, instance:cucumberOptions.FailedTestNGTestRunner2@2bea5ab4]" name="tearDownClass" is-config="true" duration-ms="611" started-at="2022-06-16T15:55:33 IST" finished-at="2022-06-16T15:55:34 IST">
          <reporter-output>
          </reporter-output>
        </test-method> <!-- tearDownClass -->
      </class> <!-- cucumberOptions.FailedTestNGTestRunner2 -->
    </test> <!-- Default test -->
  </suite> <!-- Default suite -->
</testng-results>
